<?xml version="1.0" encoding="UTF-8"?>
<testng-results ignored="0" total="1" passed="1" failed="0" skipped="0">
  <reporter-output>
  </reporter-output>
  <suite started-at="2022-04-06T01:04:24 IST" name="Cucumber Suite1" finished-at="2022-04-06T01:04:24 IST" duration-ms="32">
    <groups>
    </groups>
    <test started-at="2022-04-06T01:04:24 IST" name="Cucumeber Test" finished-at="2022-04-06T01:04:24 IST" duration-ms="32">
      <class name="dummyPackage.DemoClass">
        <test-method signature="test1()[pri:0, instance:dummyPackage.DemoClass@44f75083]" started-at="2022-04-06T01:04:24 IST" name="test1" finished-at="2022-04-06T01:04:24 IST" duration-ms="3" status="PASS">
          <reporter-output>
          </reporter-output>
        </test-method> <!-- test1 -->
      </class> <!-- dummyPackage.DemoClass -->
    </test> <!-- Cucumeber Test -->
  </suite> <!-- Cucumber Suite1 -->
</testng-results>
